\BOOKMARK [1][-]{Doc-Start}{Executive\040Summary}{}% 1
\BOOKMARK [1][-]{Doc-Start}{List\040of\040Tables}{}% 2
\BOOKMARK [1][-]{Doc-Start}{List\040of\040Figures}{}% 3
\BOOKMARK [1][-]{Doc-Start}{List\040of\040Acronyms}{}% 4
\BOOKMARK [1][-]{section.1}{Project\040Overview}{}% 5
\BOOKMARK [2][-]{subsection.1.1}{Team\040Members}{section.1}% 6
\BOOKMARK [2][-]{subsection.1.2}{Introduction}{section.1}% 7
\BOOKMARK [2][-]{subsection.1.3}{Problem\040Statement}{section.1}% 8
\BOOKMARK [2][-]{subsection.1.4}{Project\040Scope}{section.1}% 9
\BOOKMARK [2][-]{subsection.1.5}{Project\040Glossary}{section.1}% 10
\BOOKMARK [2][-]{subsection.1.6}{Gantt\040Chart}{section.1}% 11
\BOOKMARK [2][-]{subsection.1.7}{Project\040Management:\040SCRUM\040Embedded\040Unified\040Process}{section.1}% 12
\BOOKMARK [1][-]{section.2}{Requirements\040Gathering}{}% 13
\BOOKMARK [2][-]{subsection.2.1}{Overview}{section.2}% 14
\BOOKMARK [2][-]{subsection.2.2}{Requirements}{section.2}% 15
\BOOKMARK [2][-]{subsection.2.3}{Domain\040Model\040Diagram}{section.2}% 16
\BOOKMARK [1][-]{section.3}{Use\040Cases}{}% 17
\BOOKMARK [2][-]{subsection.3.1}{Overview}{section.3}% 18
\BOOKMARK [2][-]{subsection.3.2}{Use\040Case\040Listing}{section.3}% 19
\BOOKMARK [2][-]{subsection.3.3}{Use\040Case\040Diagram}{section.3}% 20
\BOOKMARK [2][-]{subsection.3.4}{Use\040Case\040Specifications}{section.3}% 21
\BOOKMARK [2][-]{subsection.3.5}{Use\040Case/Requirements\040Matrix}{section.3}% 22
\BOOKMARK [1][-]{section.4}{Object-Oriented\040Analysis\040and\040Design}{}% 23
\BOOKMARK [2][-]{subsection.4.1}{Overview}{section.4}% 24
\BOOKMARK [2][-]{subsection.4.2}{Activity\040Diagrams}{section.4}% 25
\BOOKMARK [2][-]{subsection.4.3}{UML\040Class\040Diagrams}{section.4}% 26
\BOOKMARK [3][-]{subsubsection.4.3.1}{Analysis\040Class\040Diagram}{subsection.4.3}% 27
\BOOKMARK [3][-]{subsubsection.4.3.2}{Design\040Class\040Diagram}{subsection.4.3}% 28
\BOOKMARK [2][-]{subsection.4.4}{Sequence\040Diagrams}{section.4}% 29
\BOOKMARK [2][-]{subsection.4.5}{State\040Machine\040Diagram}{section.4}% 30
\BOOKMARK [2][-]{subsection.4.6}{Component\040Diagram}{section.4}% 31
\BOOKMARK [2][-]{subsection.4.7}{Three\040Tier\040Architecture}{section.4}% 32
\BOOKMARK [2][-]{subsection.4.8}{Deployment\040Diagram}{section.4}% 33
\BOOKMARK [1][-]{section.5}{Application\040Mock-up}{}% 34
\BOOKMARK [2][-]{subsection.5.1}{Home\040Page}{section.5}% 35
\BOOKMARK [2][-]{subsection.5.2}{Create\040Account}{section.5}% 36
\BOOKMARK [2][-]{subsection.5.3}{New\040Customer\040Registration\040Page}{section.5}% 37
\BOOKMARK [2][-]{subsection.5.4}{Log-In\040Page}{section.5}% 38
\BOOKMARK [2][-]{subsection.5.5}{Password\040Recovery}{section.5}% 39
\BOOKMARK [2][-]{subsection.5.6}{Manage\040Account}{section.5}% 40
\BOOKMARK [2][-]{subsection.5.7}{Check\040Categories}{section.5}% 41
\BOOKMARK [2][-]{subsection.5.8}{Checks\040for\040Delivery\040Qualification}{section.5}% 42
\BOOKMARK [2][-]{subsection.5.9}{Shopping\040Basket/Creates\040Order}{section.5}% 43
\BOOKMARK [2][-]{subsection.5.10}{Checks\040Out}{section.5}% 44
\BOOKMARK [2][-]{subsection.5.11}{Confirms\040Order\040&\040Updates\040Tool\040Availability\040&\040Track\040Order}{section.5}% 45
\BOOKMARK [2][-]{subsection.5.12}{Raises\040Query}{section.5}% 46
\BOOKMARK [2][-]{subsection.5.13}{Reads\040Blog\040&\040Subscribes\040To\040Blog}{section.5}% 47
\BOOKMARK [2][-]{subsection.5.14}{Log\040Out}{section.5}% 48
\BOOKMARK [2][-]{subsection.5.15}{Employee\040Login}{section.5}% 49
\BOOKMARK [2][-]{subsection.5.16}{Employee\040View\040&\040Manage\040Tools}{section.5}% 50
\BOOKMARK [2][-]{subsection.5.17}{Add\040Tools}{section.5}% 51
\BOOKMARK [2][-]{subsection.5.18}{Employee\040Add\040New\040Blog\040Entry}{section.5}% 52
\BOOKMARK [2][-]{subsection.5.19}{Employee\040Reply\040To\040Query}{section.5}% 53
\BOOKMARK [1][-]{section.6}{Conclusion}{}% 54
\BOOKMARK [1][-]{section.7}{References}{}% 55
\BOOKMARK [1][-]{section.8}{Appendices}{}% 56
\BOOKMARK [2][-]{subsection.8.1}{Meeting\040Minutes}{section.8}% 57
\BOOKMARK [2][-]{subsection.8.2}{Design\040Class\040Diagram\040Iterations}{section.8}% 58
\BOOKMARK [3][-]{subsubsection.8.2.1}{Iteration\040One}{subsection.8.2}% 59
\BOOKMARK [3][-]{subsubsection.8.2.2}{Iteration\040Two}{subsection.8.2}% 60
\BOOKMARK [2][-]{subsection.8.3}{Sequence\040Diagram\040Iterations}{section.8}% 61
\BOOKMARK [3][-]{subsubsection.8.3.1}{Iteration\040One:\040Creates\040Order}{subsection.8.3}% 62
\BOOKMARK [3][-]{subsubsection.8.3.2}{Iteration\040Two:\040Creates\040Order}{subsection.8.3}% 63
\BOOKMARK [3][-]{subsubsection.8.3.3}{Iteration\040One:\040Checks\040Out}{subsection.8.3}% 64
\BOOKMARK [3][-]{subsubsection.8.3.4}{Iteration\040Two:\040Checks\040Out}{subsection.8.3}% 65
\BOOKMARK [1][-]{section.9}{Team\040Member\040Contribution}{}% 66
